<?xml version="1.0" encoding="UTF-8"?>
<testng-results ignored="0" total="8" passed="6" failed="2" skipped="0">
  <reporter-output>
  </reporter-output>
  <suite started-at="2020-06-17T22:20:38Z" name="Surefire suite" finished-at="2020-06-17T22:24:30Z" duration-ms="232039">
    <groups>
    </groups>
    <test started-at="2020-06-17T22:20:38Z" name="Surefire test" finished-at="2020-06-17T22:24:30Z" duration-ms="232039">
      <class name="contact.ContactTests">
        <test-method is-config="true" signature="setUp()[pri:0, instance:contact.ContactTests@4148db48]" started-at="2020-06-17T22:21:00Z" name="setUp" finished-at="2020-06-17T22:21:10Z" duration-ms="10490" status="PASS">
          <reporter-output>
          </reporter-output>
        </test-method> <!-- setUp -->
        <test-method is-config="true" signature="goHome()[pri:0, instance:contact.ContactTests@4148db48]" started-at="2020-06-17T22:21:10Z" name="goHome" finished-at="2020-06-17T22:21:12Z" duration-ms="1118" status="PASS">
          <reporter-output>
          </reporter-output>
        </test-method> <!-- goHome -->
        <test-method signature="testSuccessfulContactInfo()[pri:0, instance:contact.ContactTests@4148db48]" started-at="2020-06-17T22:21:12Z" name="testSuccessfulContactInfo" finished-at="2020-06-17T22:21:17Z" duration-ms="4929" status="PASS">
          <reporter-output>
          </reporter-output>
        </test-method> <!-- testSuccessfulContactInfo -->
        <test-method is-config="true" signature="recordFailure(org.testng.ITestResult)[pri:0, instance:contact.ContactTests@4148db48]" started-at="2020-06-17T22:21:17Z" name="recordFailure" finished-at="2020-06-17T22:21:17Z" duration-ms="0" status="PASS">
          <params>
            <param index="0">
              <value>
                <![CDATA[[TestResult name=testSuccessfulContactInfo status=SUCCESS method=ContactTests.testSuccessfulContactInfo()[pri:0, instance:contact.ContactTests@4148db48] output={null}]]]>
              </value>
            </param>
          </params>
          <reporter-output>
          </reporter-output>
        </test-method> <!-- recordFailure -->
        <test-method is-config="true" signature="tearDown()[pri:0, instance:contact.ContactTests@4148db48]" started-at="2020-06-17T22:21:17Z" name="tearDown" finished-at="2020-06-17T22:21:17Z" duration-ms="143" status="PASS">
          <reporter-output>
          </reporter-output>
        </test-method> <!-- tearDown -->
      </class> <!-- contact.ContactTests -->
      <class name="navigation.NavigationTests">
        <test-method is-config="true" signature="setUp()[pri:0, instance:navigation.NavigationTests@282003e1]" started-at="2020-06-17T22:21:50Z" name="setUp" finished-at="2020-06-17T22:21:59Z" duration-ms="8159" status="PASS">
          <reporter-output>
          </reporter-output>
        </test-method> <!-- setUp -->
        <test-method is-config="true" signature="goHome()[pri:0, instance:navigation.NavigationTests@282003e1]" started-at="2020-06-17T22:21:59Z" name="goHome" finished-at="2020-06-17T22:22:00Z" duration-ms="1013" status="PASS">
          <reporter-output>
          </reporter-output>
        </test-method> <!-- goHome -->
        <test-method signature="testNavigator()[pri:0, instance:navigation.NavigationTests@282003e1]" started-at="2020-06-17T22:22:00Z" name="testNavigator" finished-at="2020-06-17T22:22:07Z" duration-ms="7235" status="PASS">
          <reporter-output>
          </reporter-output>
        </test-method> <!-- testNavigator -->
        <test-method is-config="true" signature="recordFailure(org.testng.ITestResult)[pri:0, instance:navigation.NavigationTests@282003e1]" started-at="2020-06-17T22:22:07Z" name="recordFailure" finished-at="2020-06-17T22:22:07Z" duration-ms="0" status="PASS">
          <params>
            <param index="0">
              <value>
                <![CDATA[[TestResult name=testNavigator status=SUCCESS method=NavigationTests.testNavigator()[pri:0, instance:navigation.NavigationTests@282003e1] output={null}]]]>
              </value>
            </param>
          </params>
          <reporter-output>
          </reporter-output>
        </test-method> <!-- recordFailure -->
        <test-method is-config="true" signature="tearDown()[pri:0, instance:navigation.NavigationTests@282003e1]" started-at="2020-06-17T22:22:07Z" name="tearDown" finished-at="2020-06-17T22:22:07Z" duration-ms="238" status="PASS">
          <reporter-output>
          </reporter-output>
        </test-method> <!-- tearDown -->
      </class> <!-- navigation.NavigationTests -->
      <class name="blog.BlogTests">
        <test-method is-config="true" signature="setUp()[pri:0, instance:blog.BlogTests@7fad8c79]" started-at="2020-06-17T22:20:38Z" name="setUp" finished-at="2020-06-17T22:20:48Z" duration-ms="9597" status="PASS">
          <reporter-output>
          </reporter-output>
        </test-method> <!-- setUp -->
        <test-method is-config="true" signature="goHome()[pri:0, instance:blog.BlogTests@7fad8c79]" started-at="2020-06-17T22:20:48Z" name="goHome" finished-at="2020-06-17T22:20:49Z" duration-ms="1153" status="PASS">
          <reporter-output>
          </reporter-output>
        </test-method> <!-- goHome -->
        <test-method signature="testBlogPage()[pri:0, instance:blog.BlogTests@7fad8c79]" started-at="2020-06-17T22:20:49Z" name="testBlogPage" finished-at="2020-06-17T22:21:00Z" duration-ms="10748" status="PASS">
          <reporter-output>
          </reporter-output>
        </test-method> <!-- testBlogPage -->
        <test-method is-config="true" signature="recordFailure(org.testng.ITestResult)[pri:0, instance:blog.BlogTests@7fad8c79]" started-at="2020-06-17T22:21:00Z" name="recordFailure" finished-at="2020-06-17T22:21:00Z" duration-ms="1" status="PASS">
          <params>
            <param index="0">
              <value>
                <![CDATA[[TestResult name=testBlogPage status=SUCCESS method=BlogTests.testBlogPage()[pri:0, instance:blog.BlogTests@7fad8c79] output={null}]]]>
              </value>
            </param>
          </params>
          <reporter-output>
          </reporter-output>
        </test-method> <!-- recordFailure -->
        <test-method is-config="true" signature="tearDown()[pri:0, instance:blog.BlogTests@7fad8c79]" started-at="2020-06-17T22:21:00Z" name="tearDown" finished-at="2020-06-17T22:21:00Z" duration-ms="176" status="PASS">
          <reporter-output>
          </reporter-output>
        </test-method> <!-- tearDown -->
      </class> <!-- blog.BlogTests -->
      <class name="suscription.EmailSuscriptionTest">
        <test-method is-config="true" signature="setUp()[pri:0, instance:suscription.EmailSuscriptionTest@4df828d7]" started-at="2020-06-17T22:21:17Z" name="setUp" finished-at="2020-06-17T22:21:26Z" duration-ms="9156" status="PASS">
          <reporter-output>
          </reporter-output>
        </test-method> <!-- setUp -->
        <test-method is-config="true" signature="goHome()[pri:0, instance:suscription.EmailSuscriptionTest@4df828d7]" started-at="2020-06-17T22:21:26Z" name="goHome" finished-at="2020-06-17T22:21:27Z" duration-ms="1106" status="PASS">
          <reporter-output>
          </reporter-output>
        </test-method> <!-- goHome -->
        <test-method signature="testEmailSuscription()[pri:0, instance:suscription.EmailSuscriptionTest@4df828d7]" started-at="2020-06-17T22:21:27Z" name="testEmailSuscription" finished-at="2020-06-17T22:21:29Z" duration-ms="2388" status="FAIL">
          <exception class="org.openqa.selenium.NoSuchElementException">
            <message>
              <![CDATA[no such element: Unable to locate element: {"method":"css selector","selector":"#subscribe-form > div.form-group.z-subscribe-inputs > div > button"}
  (Session info: chrome=83.0.4103.106)
For documentation on this error, please visit: https://www.seleniumhq.org/exceptions/no_such_element.html
Build info: version: '3.141.59', revision: 'e82be7d358', time: '2018-11-14T08:17:03'
System info: host: 'ZCOBTM10457-JavierGarcia.local', ip: '2800:484:2879:f900:3af9:d3ff:fe98:d2e1%en0', os.name: 'Mac OS X', os.arch: 'x86_64', os.version: '10.15.5', java.version: '13.0.2'
Driver info: org.openqa.selenium.chrome.ChromeDriver
Capabilities {acceptInsecureCerts: false, browserName: chrome, browserVersion: 83.0.4103.106, chrome: {chromedriverVersion: 83.0.4103.39 (ccbf011cb2d2b..., userDataDir: /var/folders/49/pwhcb5vs4bj...}, goog:chromeOptions: {debuggerAddress: localhost:57535}, javascriptEnabled: true, networkConnectionEnabled: false, pageLoadStrategy: normal, platform: MAC, platformName: MAC, proxy: Proxy(), setWindowRect: true, strictFileInteractability: false, timeouts: {implicit: 0, pageLoad: 300000, script: 30000}, unhandledPromptBehavior: dismiss and notify, webauthn:virtualAuthenticators: true}
Session ID: ff6278e949f7a467f0c27c9b00986cf7
*** Element info: {Using=css selector, value=#subscribe-form > div.form-group.z-subscribe-inputs > div > button}]]>
            </message>
            <full-stacktrace>
              <![CDATA[org.openqa.selenium.NoSuchElementException: no such element: Unable to locate element: {"method":"css selector","selector":"#subscribe-form > div.form-group.z-subscribe-inputs > div > button"}
  (Session info: chrome=83.0.4103.106)
For documentation on this error, please visit: https://www.seleniumhq.org/exceptions/no_such_element.html
Build info: version: '3.141.59', revision: 'e82be7d358', time: '2018-11-14T08:17:03'
System info: host: 'ZCOBTM10457-JavierGarcia.local', ip: '2800:484:2879:f900:3af9:d3ff:fe98:d2e1%en0', os.name: 'Mac OS X', os.arch: 'x86_64', os.version: '10.15.5', java.version: '13.0.2'
Driver info: org.openqa.selenium.chrome.ChromeDriver
Capabilities {acceptInsecureCerts: false, browserName: chrome, browserVersion: 83.0.4103.106, chrome: {chromedriverVersion: 83.0.4103.39 (ccbf011cb2d2b..., userDataDir: /var/folders/49/pwhcb5vs4bj...}, goog:chromeOptions: {debuggerAddress: localhost:57535}, javascriptEnabled: true, networkConnectionEnabled: false, pageLoadStrategy: normal, platform: MAC, platformName: MAC, proxy: Proxy(), setWindowRect: true, strictFileInteractability: false, timeouts: {implicit: 0, pageLoad: 300000, script: 30000}, unhandledPromptBehavior: dismiss and notify, webauthn:virtualAuthenticators: true}
Session ID: ff6278e949f7a467f0c27c9b00986cf7
*** Element info: {Using=css selector, value=#subscribe-form > div.form-group.z-subscribe-inputs > div > button}
at java.base/jdk.internal.reflect.NativeConstructorAccessorImpl.newInstance0(Native Method)
at java.base/jdk.internal.reflect.NativeConstructorAccessorImpl.newInstance(NativeConstructorAccessorImpl.java:62)
at java.base/jdk.internal.reflect.DelegatingConstructorAccessorImpl.newInstance(DelegatingConstructorAccessorImpl.java:45)
at java.base/java.lang.reflect.Constructor.newInstanceWithCaller(Constructor.java:500)
at java.base/java.lang.reflect.Constructor.newInstance(Constructor.java:481)
at org.openqa.selenium.remote.http.W3CHttpResponseCodec.createException(W3CHttpResponseCodec.java:187)
at org.openqa.selenium.remote.http.W3CHttpResponseCodec.decode(W3CHttpResponseCodec.java:122)
at org.openqa.selenium.remote.http.W3CHttpResponseCodec.decode(W3CHttpResponseCodec.java:49)
at org.openqa.selenium.remote.HttpCommandExecutor.execute(HttpCommandExecutor.java:158)
at org.openqa.selenium.remote.service.DriverCommandExecutor.execute(DriverCommandExecutor.java:83)
at org.openqa.selenium.remote.RemoteWebDriver.execute(RemoteWebDriver.java:552)
at org.openqa.selenium.remote.RemoteWebDriver.findElement(RemoteWebDriver.java:323)
at org.openqa.selenium.remote.RemoteWebDriver.findElementByCssSelector(RemoteWebDriver.java:420)
at org.openqa.selenium.By$ByCssSelector.findElement(By.java:431)
at org.openqa.selenium.remote.RemoteWebDriver.findElement(RemoteWebDriver.java:315)
at jdk.internal.reflect.GeneratedMethodAccessor2.invoke(Unknown Source)
at java.base/jdk.internal.reflect.DelegatingMethodAccessorImpl.invoke(DelegatingMethodAccessorImpl.java:43)
at java.base/java.lang.reflect.Method.invoke(Method.java:567)
at org.openqa.selenium.support.events.EventFiringWebDriver.lambda$new$1(EventFiringWebDriver.java:105)
at com.sun.proxy.$Proxy12.findElement(Unknown Source)
at org.openqa.selenium.support.events.EventFiringWebDriver.findElement(EventFiringWebDriver.java:194)
at pages.EmailSuscriptionPage.clickSuscribe(EmailSuscriptionPage.java:27)
at suscription.EmailSuscriptionTest.testEmailSuscription(EmailSuscriptionTest.java:16)
at java.base/jdk.internal.reflect.NativeMethodAccessorImpl.invoke0(Native Method)
at java.base/jdk.internal.reflect.NativeMethodAccessorImpl.invoke(NativeMethodAccessorImpl.java:62)
at java.base/jdk.internal.reflect.DelegatingMethodAccessorImpl.invoke(DelegatingMethodAccessorImpl.java:43)
at java.base/java.lang.reflect.Method.invoke(Method.java:567)
at org.testng.internal.MethodInvocationHelper.invokeMethod(MethodInvocationHelper.java:124)
at org.testng.internal.Invoker.invokeMethod(Invoker.java:583)
at org.testng.internal.Invoker.invokeTestMethod(Invoker.java:719)
at org.testng.internal.Invoker.invokeTestMethods(Invoker.java:989)
at org.testng.internal.TestMethodWorker.invokeTestMethods(TestMethodWorker.java:125)
at org.testng.internal.TestMethodWorker.run(TestMethodWorker.java:109)
at java.base/java.util.concurrent.ThreadPoolExecutor.runWorker(ThreadPoolExecutor.java:1128)
at java.base/java.util.concurrent.ThreadPoolExecutor$Worker.run(ThreadPoolExecutor.java:628)
at java.base/java.lang.Thread.run(Thread.java:830)
]]>
            </full-stacktrace>
          </exception> <!-- org.openqa.selenium.NoSuchElementException -->
          <reporter-output>
          </reporter-output>
        </test-method> <!-- testEmailSuscription -->
        <test-method is-config="true" signature="recordFailure(org.testng.ITestResult)[pri:0, instance:suscription.EmailSuscriptionTest@4df828d7]" started-at="2020-06-17T22:21:29Z" name="recordFailure" finished-at="2020-06-17T22:21:30Z" duration-ms="668" status="PASS">
          <params>
            <param index="0">
              <value>
                <![CDATA[[TestResult name=testEmailSuscription status=FAILURE method=EmailSuscriptionTest.testEmailSuscription()[pri:0, instance:suscription.EmailSuscriptionTest@4df828d7] output={null}]]]>
              </value>
            </param>
          </params>
          <reporter-output>
          </reporter-output>
        </test-method> <!-- recordFailure -->
        <test-method is-config="true" signature="tearDown()[pri:0, instance:suscription.EmailSuscriptionTest@4df828d7]" started-at="2020-06-17T22:21:30Z" name="tearDown" finished-at="2020-06-17T22:21:30Z" duration-ms="141" status="PASS">
          <reporter-output>
          </reporter-output>
        </test-method> <!-- tearDown -->
      </class> <!-- suscription.EmailSuscriptionTest -->
      <class name="visualTesting.homePageTest">
        <test-method is-config="true" signature="setUp()[pri:0, instance:visualTesting.homePageTest@76329302]" started-at="2020-06-17T22:22:22Z" name="setUp" finished-at="2020-06-17T22:22:30Z" duration-ms="8235" status="PASS">
          <reporter-output>
          </reporter-output>
        </test-method> <!-- setUp -->
        <test-method is-config="true" signature="goHome()[pri:0, instance:visualTesting.homePageTest@76329302]" started-at="2020-06-17T22:22:30Z" name="goHome" finished-at="2020-06-17T22:22:31Z" duration-ms="1138" status="PASS">
          <reporter-output>
          </reporter-output>
        </test-method> <!-- goHome -->
        <test-method signature="visualTestingElement()[pri:0, instance:visualTesting.homePageTest@76329302]" started-at="2020-06-17T22:22:31Z" name="visualTestingElement" finished-at="2020-06-17T22:23:07Z" duration-ms="35390" status="PASS">
          <reporter-output>
          </reporter-output>
        </test-method> <!-- visualTestingElement -->
        <test-method is-config="true" signature="recordFailure(org.testng.ITestResult)[pri:0, instance:visualTesting.homePageTest@76329302]" started-at="2020-06-17T22:23:07Z" name="recordFailure" finished-at="2020-06-17T22:23:07Z" duration-ms="0" status="PASS">
          <params>
            <param index="0">
              <value>
                <![CDATA[[TestResult name=visualTestingElement status=SUCCESS method=homePageTest.visualTestingElement()[pri:0, instance:visualTesting.homePageTest@76329302] output={null}]]]>
              </value>
            </param>
          </params>
          <reporter-output>
          </reporter-output>
        </test-method> <!-- recordFailure -->
        <test-method is-config="true" signature="goHome()[pri:0, instance:visualTesting.homePageTest@76329302]" started-at="2020-06-17T22:23:07Z" name="goHome" finished-at="2020-06-17T22:23:18Z" duration-ms="10842" status="PASS">
          <reporter-output>
          </reporter-output>
        </test-method> <!-- goHome -->
        <test-method signature="visualTestingWindow()[pri:0, instance:visualTesting.homePageTest@76329302]" started-at="2020-06-17T22:23:18Z" name="visualTestingWindow" finished-at="2020-06-17T22:24:30Z" duration-ms="72405" status="PASS">
          <reporter-output>
          </reporter-output>
        </test-method> <!-- visualTestingWindow -->
        <test-method is-config="true" signature="recordFailure(org.testng.ITestResult)[pri:0, instance:visualTesting.homePageTest@76329302]" started-at="2020-06-17T22:24:30Z" name="recordFailure" finished-at="2020-06-17T22:24:30Z" duration-ms="0" status="PASS">
          <params>
            <param index="0">
              <value>
                <![CDATA[[TestResult name=visualTestingWindow status=SUCCESS method=homePageTest.visualTestingWindow()[pri:0, instance:visualTesting.homePageTest@76329302] output={null}]]]>
              </value>
            </param>
          </params>
          <reporter-output>
          </reporter-output>
        </test-method> <!-- recordFailure -->
        <test-method is-config="true" signature="tearDown()[pri:0, instance:visualTesting.homePageTest@76329302]" started-at="2020-06-17T22:24:30Z" name="tearDown" finished-at="2020-06-17T22:24:30Z" duration-ms="293" status="PASS">
          <reporter-output>
          </reporter-output>
        </test-method> <!-- tearDown -->
      </class> <!-- visualTesting.homePageTest -->
      <class name="jobs.JobsTests">
        <test-method is-config="true" signature="setUp()[pri:0, instance:jobs.JobsTests@5e25a92e]" started-at="2020-06-17T22:21:30Z" name="setUp" finished-at="2020-06-17T22:21:38Z" duration-ms="7936" status="PASS">
          <reporter-output>
          </reporter-output>
        </test-method> <!-- setUp -->
        <test-method is-config="true" signature="goHome()[pri:0, instance:jobs.JobsTests@5e25a92e]" started-at="2020-06-17T22:21:38Z" name="goHome" finished-at="2020-06-17T22:21:39Z" duration-ms="1209" status="PASS">
          <reporter-output>
          </reporter-output>
        </test-method> <!-- goHome -->
        <test-method signature="testSuccessfulJobsInfo()[pri:0, instance:jobs.JobsTests@5e25a92e]" started-at="2020-06-17T22:21:39Z" name="testSuccessfulJobsInfo" finished-at="2020-06-17T22:21:50Z" duration-ms="10940" status="PASS">
          <reporter-output>
          </reporter-output>
        </test-method> <!-- testSuccessfulJobsInfo -->
        <test-method is-config="true" signature="recordFailure(org.testng.ITestResult)[pri:0, instance:jobs.JobsTests@5e25a92e]" started-at="2020-06-17T22:21:50Z" name="recordFailure" finished-at="2020-06-17T22:21:50Z" duration-ms="0" status="PASS">
          <params>
            <param index="0">
              <value>
                <![CDATA[[TestResult name=testSuccessfulJobsInfo status=SUCCESS method=JobsTests.testSuccessfulJobsInfo()[pri:0, instance:jobs.JobsTests@5e25a92e] output={null}]]]>
              </value>
            </param>
          </params>
          <reporter-output>
          </reporter-output>
        </test-method> <!-- recordFailure -->
        <test-method is-config="true" signature="tearDown()[pri:0, instance:jobs.JobsTests@5e25a92e]" started-at="2020-06-17T22:21:50Z" name="tearDown" finished-at="2020-06-17T22:21:50Z" duration-ms="137" status="PASS">
          <reporter-output>
          </reporter-output>
        </test-method> <!-- tearDown -->
      </class> <!-- jobs.JobsTests -->
      <class name="work.WorkTests">
        <test-method is-config="true" signature="setUp()[pri:0, instance:work.WorkTests@71a794e5]" started-at="2020-06-17T22:22:07Z" name="setUp" finished-at="2020-06-17T22:22:15Z" duration-ms="8165" status="PASS">
          <reporter-output>
          </reporter-output>
        </test-method> <!-- setUp -->
        <test-method is-config="true" signature="goHome()[pri:0, instance:work.WorkTests@71a794e5]" started-at="2020-06-17T22:22:15Z" name="goHome" finished-at="2020-06-17T22:22:16Z" duration-ms="1172" status="PASS">
          <reporter-output>
          </reporter-output>
        </test-method> <!-- goHome -->
        <test-method signature="testHoverPartnersItem()[pri:0, instance:work.WorkTests@71a794e5]" started-at="2020-06-17T22:22:16Z" name="testHoverPartnersItem" finished-at="2020-06-17T22:22:21Z" duration-ms="4826" status="FAIL">
          <exception class="org.openqa.selenium.NoSuchElementException">
            <message>
              <![CDATA[no such element: Unable to locate element: {"method":"css selector","selector":".tooltip"}
  (Session info: chrome=83.0.4103.106)
For documentation on this error, please visit: https://www.seleniumhq.org/exceptions/no_such_element.html
Build info: version: '3.141.59', revision: 'e82be7d358', time: '2018-11-14T08:17:03'
System info: host: 'ZCOBTM10457-JavierGarcia.local', ip: '2800:484:2879:f900:3af9:d3ff:fe98:d2e1%en0', os.name: 'Mac OS X', os.arch: 'x86_64', os.version: '10.15.5', java.version: '13.0.2'
Driver info: org.openqa.selenium.chrome.ChromeDriver
Capabilities {acceptInsecureCerts: false, browserName: chrome, browserVersion: 83.0.4103.106, chrome: {chromedriverVersion: 83.0.4103.39 (ccbf011cb2d2b..., userDataDir: /var/folders/49/pwhcb5vs4bj...}, goog:chromeOptions: {debuggerAddress: localhost:58076}, javascriptEnabled: true, networkConnectionEnabled: false, pageLoadStrategy: normal, platform: MAC, platformName: MAC, proxy: Proxy(), setWindowRect: true, strictFileInteractability: false, timeouts: {implicit: 0, pageLoad: 300000, script: 30000}, unhandledPromptBehavior: dismiss and notify, webauthn:virtualAuthenticators: true}
Session ID: 574256dc1fa07ae43024edd8a1f9bfc5
*** Element info: {Using=class name, value=tooltip}]]>
            </message>
            <full-stacktrace>
              <![CDATA[org.openqa.selenium.NoSuchElementException: no such element: Unable to locate element: {"method":"css selector","selector":".tooltip"}
  (Session info: chrome=83.0.4103.106)
For documentation on this error, please visit: https://www.seleniumhq.org/exceptions/no_such_element.html
Build info: version: '3.141.59', revision: 'e82be7d358', time: '2018-11-14T08:17:03'
System info: host: 'ZCOBTM10457-JavierGarcia.local', ip: '2800:484:2879:f900:3af9:d3ff:fe98:d2e1%en0', os.name: 'Mac OS X', os.arch: 'x86_64', os.version: '10.15.5', java.version: '13.0.2'
Driver info: org.openqa.selenium.chrome.ChromeDriver
Capabilities {acceptInsecureCerts: false, browserName: chrome, browserVersion: 83.0.4103.106, chrome: {chromedriverVersion: 83.0.4103.39 (ccbf011cb2d2b..., userDataDir: /var/folders/49/pwhcb5vs4bj...}, goog:chromeOptions: {debuggerAddress: localhost:58076}, javascriptEnabled: true, networkConnectionEnabled: false, pageLoadStrategy: normal, platform: MAC, platformName: MAC, proxy: Proxy(), setWindowRect: true, strictFileInteractability: false, timeouts: {implicit: 0, pageLoad: 300000, script: 30000}, unhandledPromptBehavior: dismiss and notify, webauthn:virtualAuthenticators: true}
Session ID: 574256dc1fa07ae43024edd8a1f9bfc5
*** Element info: {Using=class name, value=tooltip}
at java.base/jdk.internal.reflect.NativeConstructorAccessorImpl.newInstance0(Native Method)
at java.base/jdk.internal.reflect.NativeConstructorAccessorImpl.newInstance(NativeConstructorAccessorImpl.java:62)
at java.base/jdk.internal.reflect.DelegatingConstructorAccessorImpl.newInstance(DelegatingConstructorAccessorImpl.java:45)
at java.base/java.lang.reflect.Constructor.newInstanceWithCaller(Constructor.java:500)
at java.base/java.lang.reflect.Constructor.newInstance(Constructor.java:481)
at org.openqa.selenium.remote.http.W3CHttpResponseCodec.createException(W3CHttpResponseCodec.java:187)
at org.openqa.selenium.remote.http.W3CHttpResponseCodec.decode(W3CHttpResponseCodec.java:122)
at org.openqa.selenium.remote.http.W3CHttpResponseCodec.decode(W3CHttpResponseCodec.java:49)
at org.openqa.selenium.remote.HttpCommandExecutor.execute(HttpCommandExecutor.java:158)
at org.openqa.selenium.remote.service.DriverCommandExecutor.execute(DriverCommandExecutor.java:83)
at org.openqa.selenium.remote.RemoteWebDriver.execute(RemoteWebDriver.java:552)
at org.openqa.selenium.remote.RemoteWebElement.execute(RemoteWebElement.java:285)
at org.openqa.selenium.remote.RemoteWebElement.findElement(RemoteWebElement.java:185)
at org.openqa.selenium.remote.RemoteWebElement.findElementByClassName(RemoteWebElement.java:245)
at org.openqa.selenium.By$ByClassName.findElement(By.java:389)
at org.openqa.selenium.remote.RemoteWebElement.findElement(RemoteWebElement.java:181)
at java.base/jdk.internal.reflect.NativeMethodAccessorImpl.invoke0(Native Method)
at java.base/jdk.internal.reflect.NativeMethodAccessorImpl.invoke(NativeMethodAccessorImpl.java:62)
at java.base/jdk.internal.reflect.DelegatingMethodAccessorImpl.invoke(DelegatingMethodAccessorImpl.java:43)
at java.base/java.lang.reflect.Method.invoke(Method.java:567)
at org.openqa.selenium.support.events.EventFiringWebDriver$EventFiringWebElement.lambda$new$0(EventFiringWebDriver.java:404)
at com.sun.proxy.$Proxy13.findElement(Unknown Source)
at org.openqa.selenium.support.events.EventFiringWebDriver$EventFiringWebElement.findElement(EventFiringWebDriver.java:496)
at pages.WorkPage.hoverOverIcon(WorkPage.java:28)
at work.WorkTests.testHoverPartnersItem(WorkTests.java:19)
at java.base/jdk.internal.reflect.NativeMethodAccessorImpl.invoke0(Native Method)
at java.base/jdk.internal.reflect.NativeMethodAccessorImpl.invoke(NativeMethodAccessorImpl.java:62)
at java.base/jdk.internal.reflect.DelegatingMethodAccessorImpl.invoke(DelegatingMethodAccessorImpl.java:43)
at java.base/java.lang.reflect.Method.invoke(Method.java:567)
at org.testng.internal.MethodInvocationHelper.invokeMethod(MethodInvocationHelper.java:124)
at org.testng.internal.Invoker.invokeMethod(Invoker.java:583)
at org.testng.internal.Invoker.invokeTestMethod(Invoker.java:719)
at org.testng.internal.Invoker.invokeTestMethods(Invoker.java:989)
at org.testng.internal.TestMethodWorker.invokeTestMethods(TestMethodWorker.java:125)
at org.testng.internal.TestMethodWorker.run(TestMethodWorker.java:109)
at java.base/java.util.concurrent.ThreadPoolExecutor.runWorker(ThreadPoolExecutor.java:1128)
at java.base/java.util.concurrent.ThreadPoolExecutor$Worker.run(ThreadPoolExecutor.java:628)
at java.base/java.lang.Thread.run(Thread.java:830)
]]>
            </full-stacktrace>
          </exception> <!-- org.openqa.selenium.NoSuchElementException -->
          <reporter-output>
          </reporter-output>
        </test-method> <!-- testHoverPartnersItem -->
        <test-method is-config="true" signature="recordFailure(org.testng.ITestResult)[pri:0, instance:work.WorkTests@71a794e5]" started-at="2020-06-17T22:22:21Z" name="recordFailure" finished-at="2020-06-17T22:22:22Z" duration-ms="684" status="PASS">
          <params>
            <param index="0">
              <value>
                <![CDATA[[TestResult name=testHoverPartnersItem status=FAILURE method=WorkTests.testHoverPartnersItem()[pri:0, instance:work.WorkTests@71a794e5] output={null}]]]>
              </value>
            </param>
          </params>
          <reporter-output>
          </reporter-output>
        </test-method> <!-- recordFailure -->
        <test-method is-config="true" signature="tearDown()[pri:0, instance:work.WorkTests@71a794e5]" started-at="2020-06-17T22:22:22Z" name="tearDown" finished-at="2020-06-17T22:22:22Z" duration-ms="151" status="PASS">
          <reporter-output>
          </reporter-output>
        </test-method> <!-- tearDown -->
      </class> <!-- work.WorkTests -->
    </test> <!-- Surefire test -->
  </suite> <!-- Surefire suite -->
</testng-results>
